<?xml version="1.0" encoding="UTF-8"?>
<!-- Generated by org.testng.reporters.JUnitXMLReporter -->
<testsuite ignored="0" hostname="DESKTOP-FHM8NK9" failures="1" tests="5" name="Default test(failed)" time="0.144" errors="0" timestamp="2024-07-17T10:05:03 IST">
  <testcase classname="day44_TestNGKey.DependencyMethodsDemo" name="openApp" time="0.015"/>
  <testcase classname="day44_TestNGKey.DependencyMethodsDemo" name="login" time="0.011">
    <failure type="java.lang.AssertionError" message="expected [true] but found [false]">
      <![CDATA[java.lang.AssertionError: expected [true] but found [false]
at day44_TestNGKey.DependencyMethodsDemo.login(DependencyMethodsDemo.java:26)
at java.base/java.util.ArrayList.forEach(ArrayList.java:1511)
... Removed 31 stack frames]]>
    </failure>
  </testcase> <!-- login -->
  <testcase classname="day44_TestNGKey.DependencyMethodsDemo" name="search" time="0.0">
    <skipped/>
  </testcase> <!-- search -->
  <testcase classname="day44_TestNGKey.DependencyMethodsDemo" name="advsearch" time="0.0">
    <skipped/>
  </testcase> <!-- advsearch -->
  <testcase classname="day44_TestNGKey.DependencyMethodsDemo" name="logout" time="0.0">
    <skipped/>
  </testcase> <!-- logout -->
</testsuite> <!-- Default test(failed) -->
